<?xml version="1.0" encoding="UTF-8"?>
<coverage generated="1623521337792" clover="3.2.0">
  <project timestamp="1623521337792" name="All files">
    <metrics statements="76" coveredstatements="70" conditionals="22" coveredconditionals="19" methods="13" coveredmethods="12" elements="111" coveredelements="101" complexity="0" loc="76" ncloc="76" packages="1" files="4" classes="4"/>
    <file name="cloneArray.js" path="/Users/coreymckeel/Desktop/Learning/Learning/Javascript/Testing/scripts/cloneArray.js">
      <metrics statements="3" coveredstatements="3" conditionals="0" coveredconditionals="0" methods="1" coveredmethods="1"/>
      <line num="3" count="1" type="stmt"/>
      <line num="4" count="2" type="stmt"/>
      <line num="7" count="1" type="stmt"/>
    </file>
    <file name="node.js" path="/Users/coreymckeel/Desktop/Learning/Learning/Javascript/Testing/scripts/node.js">
      <metrics statements="3" coveredstatements="3" conditionals="0" coveredconditionals="0" methods="1" coveredmethods="1"/>
      <line num="3" count="51" type="stmt"/>
      <line num="4" count="51" type="stmt"/>
      <line num="8" count="1" type="stmt"/>
    </file>
    <file name="sll.js" path="/Users/coreymckeel/Desktop/Learning/Learning/Javascript/Testing/scripts/sll.js">
      <metrics statements="67" coveredstatements="61" conditionals="22" coveredconditionals="19" methods="10" coveredmethods="9"/>
      <line num="1" count="1" type="stmt"/>
      <line num="5" count="14" type="stmt"/>
      <line num="6" count="14" type="stmt"/>
      <line num="12" count="49" type="stmt"/>
      <line num="13" count="49" type="stmt"/>
      <line num="14" count="49" type="stmt"/>
      <line num="15" count="49" type="stmt"/>
      <line num="19" count="1" type="stmt"/>
      <line num="20" count="1" type="stmt"/>
      <line num="22" count="1" type="stmt"/>
      <line num="23" count="4" type="stmt"/>
      <line num="25" count="1" type="stmt"/>
      <line num="26" count="1" type="stmt"/>
      <line num="27" count="1" type="stmt"/>
      <line num="31" count="3" type="cond" truecount="4" falsecount="0"/>
      <line num="33" count="1" type="stmt"/>
      <line num="34" count="1" type="stmt"/>
      <line num="35" count="1" type="stmt"/>
      <line num="37" count="1" type="stmt"/>
      <line num="38" count="2" type="cond" truecount="2" falsecount="0"/>
      <line num="39" count="1" type="stmt"/>
      <line num="40" count="1" type="stmt"/>
      <line num="41" count="1" type="stmt"/>
      <line num="43" count="1" type="stmt"/>
      <line num="44" count="1" type="stmt"/>
      <line num="50" count="8" type="cond" truecount="2" falsecount="0"/>
      <line num="51" count="7" type="cond" truecount="2" falsecount="0"/>
      <line num="52" count="6" type="stmt"/>
      <line num="54" count="6" type="stmt"/>
      <line num="55" count="14" type="cond" truecount="2" falsecount="0"/>
      <line num="56" count="8" type="stmt"/>
      <line num="63" count="1" type="stmt"/>
      <line num="64" count="1" type="stmt"/>
      <line num="65" count="1" type="stmt"/>
      <line num="66" count="1" type="stmt"/>
      <line num="67" count="1" type="stmt"/>
      <line num="71" count="1" type="cond" truecount="1" falsecount="1"/>
      <line num="73" count="1" type="stmt"/>
      <line num="74" count="1" type="stmt"/>
      <line num="75" count="1" type="stmt"/>
      <line num="77" count="1" type="stmt"/>
      <line num="78" count="1" type="stmt"/>
      <line num="79" count="1" type="stmt"/>
      <line num="80" count="1" type="stmt"/>
      <line num="84" count="3" type="cond" truecount="4" falsecount="0"/>
      <line num="86" count="1" type="cond" truecount="1" falsecount="1"/>
      <line num="87" count="1" type="cond" truecount="1" falsecount="1"/>
      <line num="89" count="1" type="stmt"/>
      <line num="90" count="1" type="stmt"/>
      <line num="91" count="1" type="stmt"/>
      <line num="93" count="1" type="stmt"/>
      <line num="94" count="1" type="stmt"/>
      <line num="95" count="1" type="stmt"/>
      <line num="96" count="1" type="stmt"/>
      <line num="97" count="1" type="stmt"/>
      <line num="103" count="0" type="stmt"/>
      <line num="104" count="0" type="stmt"/>
      <line num="105" count="0" type="stmt"/>
      <line num="106" count="0" type="stmt"/>
      <line num="107" count="0" type="stmt"/>
      <line num="109" count="0" type="stmt"/>
      <line num="115" count="1" type="stmt"/>
      <line num="116" count="13" type="stmt"/>
      <line num="117" count="13" type="stmt"/>
      <line num="118" count="47" type="stmt"/>
      <line num="120" count="13" type="stmt"/>
      <line num="123" count="1" type="stmt"/>
    </file>
    <file name="sum.js" path="/Users/coreymckeel/Desktop/Learning/Learning/Javascript/Testing/scripts/sum.js">
      <metrics statements="3" coveredstatements="3" conditionals="0" coveredconditionals="0" methods="1" coveredmethods="1"/>
      <line num="4" count="1" type="stmt"/>
      <line num="5" count="1" type="stmt"/>
      <line num="8" count="1" type="stmt"/>
    </file>
  </project>
</coverage>
