{"/Users/coreymckeel/Desktop/Learning/Learning/Javascript/Testing/scripts/cloneArray.js": {"path":"/Users/coreymckeel/Desktop/Learning/Learning/Javascript/Testing/scripts/cloneArray.js","statementMap":{"0":{"start":{"line":3,"column":19},"end":{"line":5,"column":1}},"1":{"start":{"line":4,"column":4},"end":{"line":4,"column":21}},"2":{"start":{"line":7,"column":0},"end":{"line":7,"column":28}}},"fnMap":{"0":{"name":"(anonymous_0)","decl":{"start":{"line":3,"column":19},"end":{"line":3,"column":20}},"loc":{"start":{"line":3,"column":30},"end":{"line":5,"column":1}},"line":3}},"branchMap":{},"s":{"0":1,"1":2,"2":1},"f":{"0":2},"b":{},"_coverageSchema":"1a1c01bbd47fc00a2c39e90264f33305004495a9","hash":"bb8292c2ddef39016887c4e72e9f110ee133e066"}
,"/Users/coreymckeel/Desktop/Learning/Learning/Javascript/Testing/scripts/node.js": {"path":"/Users/coreymckeel/Desktop/Learning/Learning/Javascript/Testing/scripts/node.js","statementMap":{"0":{"start":{"line":3,"column":8},"end":{"line":3,"column":25}},"1":{"start":{"line":4,"column":8},"end":{"line":4,"column":25}},"2":{"start":{"line":8,"column":0},"end":{"line":8,"column":22}}},"fnMap":{"0":{"name":"(anonymous_0)","decl":{"start":{"line":2,"column":4},"end":{"line":2,"column":5}},"loc":{"start":{"line":2,"column":27},"end":{"line":5,"column":5}},"line":2}},"branchMap":{},"s":{"0":51,"1":51,"2":1},"f":{"0":51},"b":{},"_coverageSchema":"1a1c01bbd47fc00a2c39e90264f33305004495a9","hash":"db77511067e442a170cbcf438c3935158c2d5155"}
,"/Users/coreymckeel/Desktop/Learning/Learning/Javascript/Testing/scripts/sll.js": {"path":"/Users/coreymckeel/Desktop/Learning/Learning/Javascript/Testing/scripts/sll.js","statementMap":{"0":{"start":{"line":1,"column":13},"end":{"line":1,"column":30}},"1":{"start":{"line":5,"column":8},"end":{"line":5,"column":25}},"2":{"start":{"line":6,"column":8},"end":{"line":6,"column":23}},"3":{"start":{"line":12,"column":24},"end":{"line":12,"column":48}},"4":{"start":{"line":13,"column":8},"end":{"line":13,"column":28}},"5":{"start":{"line":14,"column":8},"end":{"line":14,"column":20}},"6":{"start":{"line":15,"column":8},"end":{"line":15,"column":19}},"7":{"start":{"line":19,"column":24},"end":{"line":19,"column":43}},"8":{"start":{"line":20,"column":21},"end":{"line":20,"column":30}},"9":{"start":{"line":22,"column":8},"end":{"line":24,"column":9}},"10":{"start":{"line":23,"column":12},"end":{"line":23,"column":33}},"11":{"start":{"line":25,"column":8},"end":{"line":25,"column":30}},"12":{"start":{"line":26,"column":8},"end":{"line":26,"column":20}},"13":{"start":{"line":27,"column":8},"end":{"line":27,"column":23}},"14":{"start":{"line":31,"column":8},"end":{"line":31,"column":54}},"15":{"start":{"line":31,"column":42},"end":{"line":31,"column":54}},"16":{"start":{"line":33,"column":21},"end":{"line":33,"column":30}},"17":{"start":{"line":34,"column":19},"end":{"line":34,"column":23}},"18":{"start":{"line":35,"column":24},"end":{"line":35,"column":43}},"19":{"start":{"line":37,"column":8},"end":{"line":45,"column":9}},"20":{"start":{"line":37,"column":21},"end":{"line":37,"column":22}},"21":{"start":{"line":38,"column":12},"end":{"line":42,"column":13}},"22":{"start":{"line":39,"column":16},"end":{"line":39,"column":36}},"23":{"start":{"line":40,"column":16},"end":{"line":40,"column":37}},"24":{"start":{"line":41,"column":16},"end":{"line":41,"column":28}},"25":{"start":{"line":43,"column":12},"end":{"line":43,"column":26}},"26":{"start":{"line":44,"column":12},"end":{"line":44,"column":33}},"27":{"start":{"line":50,"column":8},"end":{"line":50,"column":33}},"28":{"start":{"line":50,"column":21},"end":{"line":50,"column":33}},"29":{"start":{"line":51,"column":8},"end":{"line":51,"column":43}},"30":{"start":{"line":51,"column":31},"end":{"line":51,"column":43}},"31":{"start":{"line":52,"column":21},"end":{"line":52,"column":30}},"32":{"start":{"line":54,"column":8},"end":{"line":57,"column":9}},"33":{"start":{"line":54,"column":21},"end":{"line":54,"column":22}},"34":{"start":{"line":55,"column":12},"end":{"line":55,"column":40}},"35":{"start":{"line":55,"column":26},"end":{"line":55,"column":40}},"36":{"start":{"line":56,"column":12},"end":{"line":56,"column":33}},"37":{"start":{"line":63,"column":19},"end":{"line":63,"column":28}},"38":{"start":{"line":64,"column":8},"end":{"line":64,"column":35}},"39":{"start":{"line":65,"column":8},"end":{"line":65,"column":20}},"40":{"start":{"line":66,"column":8},"end":{"line":66,"column":20}},"41":{"start":{"line":67,"column":8},"end":{"line":67,"column":20}},"42":{"start":{"line":71,"column":8},"end":{"line":71,"column":56}},"43":{"start":{"line":71,"column":29},"end":{"line":71,"column":56}},"44":{"start":{"line":73,"column":21},"end":{"line":73,"column":30}},"45":{"start":{"line":74,"column":8},"end":{"line":76,"column":9}},"46":{"start":{"line":75,"column":12},"end":{"line":75,"column":33}},"47":{"start":{"line":77,"column":19},"end":{"line":77,"column":30}},"48":{"start":{"line":78,"column":8},"end":{"line":78,"column":27}},"49":{"start":{"line":79,"column":8},"end":{"line":79,"column":20}},"50":{"start":{"line":80,"column":8},"end":{"line":80,"column":20}},"51":{"start":{"line":84,"column":8},"end":{"line":84,"column":53}},"52":{"start":{"line":84,"column":42},"end":{"line":84,"column":53}},"53":{"start":{"line":86,"column":8},"end":{"line":86,"column":49}},"54":{"start":{"line":86,"column":22},"end":{"line":86,"column":49}},"55":{"start":{"line":87,"column":8},"end":{"line":87,"column":53}},"56":{"start":{"line":87,"column":35},"end":{"line":87,"column":53}},"57":{"start":{"line":89,"column":21},"end":{"line":89,"column":30}},"58":{"start":{"line":90,"column":8},"end":{"line":92,"column":9}},"59":{"start":{"line":90,"column":20},"end":{"line":90,"column":21}},"60":{"start":{"line":91,"column":12},"end":{"line":91,"column":33}},"61":{"start":{"line":93,"column":19},"end":{"line":93,"column":30}},"62":{"start":{"line":94,"column":8},"end":{"line":94,"column":38}},"63":{"start":{"line":95,"column":8},"end":{"line":95,"column":25}},"64":{"start":{"line":96,"column":8},"end":{"line":96,"column":20}},"65":{"start":{"line":97,"column":8},"end":{"line":97,"column":20}},"66":{"start":{"line":103,"column":21},"end":{"line":103,"column":23}},"67":{"start":{"line":104,"column":21},"end":{"line":104,"column":30}},"68":{"start":{"line":105,"column":8},"end":{"line":108,"column":9}},"69":{"start":{"line":106,"column":12},"end":{"line":106,"column":51}},"70":{"start":{"line":107,"column":12},"end":{"line":107,"column":33}},"71":{"start":{"line":109,"column":8},"end":{"line":109,"column":36}},"72":{"start":{"line":115,"column":0},"end":{"line":121,"column":1}},"73":{"start":{"line":116,"column":16},"end":{"line":116,"column":25}},"74":{"start":{"line":117,"column":4},"end":{"line":119,"column":5}},"75":{"start":{"line":117,"column":17},"end":{"line":117,"column":33}},"76":{"start":{"line":118,"column":8},"end":{"line":118,"column":35}},"77":{"start":{"line":120,"column":4},"end":{"line":120,"column":15}},"78":{"start":{"line":123,"column":0},"end":{"line":123,"column":21}}},"fnMap":{"0":{"name":"(anonymous_0)","decl":{"start":{"line":4,"column":4},"end":{"line":4,"column":5}},"loc":{"start":{"line":4,"column":17},"end":{"line":8,"column":5}},"line":4},"1":{"name":"(anonymous_1)","decl":{"start":{"line":11,"column":4},"end":{"line":11,"column":5}},"loc":{"start":{"line":11,"column":22},"end":{"line":16,"column":5}},"line":11},"2":{"name":"(anonymous_2)","decl":{"start":{"line":18,"column":4},"end":{"line":18,"column":5}},"loc":{"start":{"line":18,"column":15},"end":{"line":28,"column":5}},"line":18},"3":{"name":"(anonymous_3)","decl":{"start":{"line":30,"column":4},"end":{"line":30,"column":5}},"loc":{"start":{"line":30,"column":27},"end":{"line":46,"column":5}},"line":30},"4":{"name":"(anonymous_4)","decl":{"start":{"line":49,"column":4},"end":{"line":49,"column":5}},"loc":{"start":{"line":49,"column":20},"end":{"line":58,"column":5}},"line":49},"5":{"name":"(anonymous_5)","decl":{"start":{"line":62,"column":4},"end":{"line":62,"column":5}},"loc":{"start":{"line":62,"column":19},"end":{"line":68,"column":5}},"line":62},"6":{"name":"(anonymous_6)","decl":{"start":{"line":70,"column":4},"end":{"line":70,"column":5}},"loc":{"start":{"line":70,"column":10},"end":{"line":81,"column":5}},"line":70},"7":{"name":"(anonymous_7)","decl":{"start":{"line":83,"column":4},"end":{"line":83,"column":5}},"loc":{"start":{"line":83,"column":23},"end":{"line":99,"column":5}},"line":83},"8":{"name":"(anonymous_8)","decl":{"start":{"line":102,"column":4},"end":{"line":102,"column":5}},"loc":{"start":{"line":102,"column":18},"end":{"line":110,"column":5}},"line":102},"9":{"name":"(anonymous_9)","decl":{"start":{"line":115,"column":17},"end":{"line":115,"column":18}},"loc":{"start":{"line":115,"column":32},"end":{"line":121,"column":1}},"line":115}},"branchMap":{"0":{"loc":{"start":{"line":31,"column":8},"end":{"line":31,"column":54}},"type":"if","locations":[{"start":{"line":31,"column":8},"end":{"line":31,"column":54}},{"start":{"line":31,"column":8},"end":{"line":31,"column":54}}],"line":31},"1":{"loc":{"start":{"line":31,"column":12},"end":{"line":31,"column":40}},"type":"binary-expr","locations":[{"start":{"line":31,"column":12},"end":{"line":31,"column":19}},{"start":{"line":31,"column":23},"end":{"line":31,"column":40}}],"line":31},"2":{"loc":{"start":{"line":38,"column":12},"end":{"line":42,"column":13}},"type":"if","locations":[{"start":{"line":38,"column":12},"end":{"line":42,"column":13}},{"start":{"line":38,"column":12},"end":{"line":42,"column":13}}],"line":38},"3":{"loc":{"start":{"line":50,"column":8},"end":{"line":50,"column":33}},"type":"if","locations":[{"start":{"line":50,"column":8},"end":{"line":50,"column":33}},{"start":{"line":50,"column":8},"end":{"line":50,"column":33}}],"line":50},"4":{"loc":{"start":{"line":51,"column":8},"end":{"line":51,"column":43}},"type":"if","locations":[{"start":{"line":51,"column":8},"end":{"line":51,"column":43}},{"start":{"line":51,"column":8},"end":{"line":51,"column":43}}],"line":51},"5":{"loc":{"start":{"line":55,"column":12},"end":{"line":55,"column":40}},"type":"if","locations":[{"start":{"line":55,"column":12},"end":{"line":55,"column":40}},{"start":{"line":55,"column":12},"end":{"line":55,"column":40}}],"line":55},"6":{"loc":{"start":{"line":71,"column":8},"end":{"line":71,"column":56}},"type":"if","locations":[{"start":{"line":71,"column":8},"end":{"line":71,"column":56}},{"start":{"line":71,"column":8},"end":{"line":71,"column":56}}],"line":71},"7":{"loc":{"start":{"line":84,"column":8},"end":{"line":84,"column":53}},"type":"if","locations":[{"start":{"line":84,"column":8},"end":{"line":84,"column":53}},{"start":{"line":84,"column":8},"end":{"line":84,"column":53}}],"line":84},"8":{"loc":{"start":{"line":84,"column":12},"end":{"line":84,"column":40}},"type":"binary-expr","locations":[{"start":{"line":84,"column":12},"end":{"line":84,"column":19}},{"start":{"line":84,"column":23},"end":{"line":84,"column":40}}],"line":84},"9":{"loc":{"start":{"line":86,"column":8},"end":{"line":86,"column":49}},"type":"if","locations":[{"start":{"line":86,"column":8},"end":{"line":86,"column":49}},{"start":{"line":86,"column":8},"end":{"line":86,"column":49}}],"line":86},"10":{"loc":{"start":{"line":87,"column":8},"end":{"line":87,"column":53}},"type":"if","locations":[{"start":{"line":87,"column":8},"end":{"line":87,"column":53}},{"start":{"line":87,"column":8},"end":{"line":87,"column":53}}],"line":87}},"s":{"0":1,"1":14,"2":14,"3":49,"4":49,"5":49,"6":49,"7":1,"8":1,"9":1,"10":4,"11":1,"12":1,"13":1,"14":3,"15":2,"16":1,"17":1,"18":1,"19":1,"20":1,"21":2,"22":1,"23":1,"24":1,"25":1,"26":1,"27":8,"28":1,"29":7,"30":1,"31":6,"32":6,"33":6,"34":14,"35":6,"36":8,"37":1,"38":1,"39":1,"40":1,"41":1,"42":1,"43":0,"44":1,"45":1,"46":1,"47":1,"48":1,"49":1,"50":1,"51":3,"52":2,"53":1,"54":0,"55":1,"56":0,"57":1,"58":1,"59":1,"60":1,"61":1,"62":1,"63":1,"64":1,"65":1,"66":0,"67":0,"68":0,"69":0,"70":0,"71":0,"72":1,"73":13,"74":13,"75":13,"76":47,"77":13,"78":1},"f":{"0":14,"1":49,"2":1,"3":3,"4":8,"5":1,"6":1,"7":3,"8":0,"9":13},"b":{"0":[2,1],"1":[3,2],"2":[1,1],"3":[1,7],"4":[1,6],"5":[6,8],"6":[0,1],"7":[2,1],"8":[3,2],"9":[0,1],"10":[0,1]},"_coverageSchema":"1a1c01bbd47fc00a2c39e90264f33305004495a9","hash":"8c9596655909cd9c97ea8c76af31b31cd71309d7"}
,"/Users/coreymckeel/Desktop/Learning/Learning/Javascript/Testing/scripts/sum.js": {"path":"/Users/coreymckeel/Desktop/Learning/Learning/Javascript/Testing/scripts/sum.js","statementMap":{"0":{"start":{"line":4,"column":12},"end":{"line":6,"column":1}},"1":{"start":{"line":5,"column":4},"end":{"line":5,"column":29}},"2":{"start":{"line":8,"column":0},"end":{"line":8,"column":21}}},"fnMap":{"0":{"name":"(anonymous_0)","decl":{"start":{"line":4,"column":12},"end":{"line":4,"column":13}},"loc":{"start":{"line":4,"column":34},"end":{"line":6,"column":1}},"line":4}},"branchMap":{},"s":{"0":1,"1":1,"2":1},"f":{"0":1},"b":{},"_coverageSchema":"1a1c01bbd47fc00a2c39e90264f33305004495a9","hash":"26bac05bb752c1abf6e8ad002320d2284155ac3b"}
}
