TN:
SF:scripts/cloneArray.js
FN:3,(anonymous_0)
FNF:1
FNH:1
FNDA:2,(anonymous_0)
DA:3,1
DA:4,2
DA:7,1
LF:3
LH:3
BRF:0
BRH:0
end_of_record
TN:
SF:scripts/node.js
FN:2,(anonymous_0)
FNF:1
FNH:1
FNDA:51,(anonymous_0)
DA:3,51
DA:4,51
DA:8,1
LF:3
LH:3
BRF:0
BRH:0
end_of_record
TN:
SF:scripts/sll.js
FN:4,(anonymous_0)
FN:11,(anonymous_1)
FN:18,(anonymous_2)
FN:30,(anonymous_3)
FN:49,(anonymous_4)
FN:62,(anonymous_5)
FN:70,(anonymous_6)
FN:83,(anonymous_7)
FN:102,(anonymous_8)
FN:115,(anonymous_9)
FNF:10
FNH:9
FNDA:14,(anonymous_0)
FNDA:49,(anonymous_1)
FNDA:1,(anonymous_2)
FNDA:3,(anonymous_3)
FNDA:8,(anonymous_4)
FNDA:1,(anonymous_5)
FNDA:1,(anonymous_6)
FNDA:3,(anonymous_7)
FNDA:0,(anonymous_8)
FNDA:13,(anonymous_9)
DA:1,1
DA:5,14
DA:6,14
DA:12,49
DA:13,49
DA:14,49
DA:15,49
DA:19,1
DA:20,1
DA:22,1
DA:23,4
DA:25,1
DA:26,1
DA:27,1
DA:31,3
DA:33,1
DA:34,1
DA:35,1
DA:37,1
DA:38,2
DA:39,1
DA:40,1
DA:41,1
DA:43,1
DA:44,1
DA:50,8
DA:51,7
DA:52,6
DA:54,6
DA:55,14
DA:56,8
DA:63,1
DA:64,1
DA:65,1
DA:66,1
DA:67,1
DA:71,1
DA:73,1
DA:74,1
DA:75,1
DA:77,1
DA:78,1
DA:79,1
DA:80,1
DA:84,3
DA:86,1
DA:87,1
DA:89,1
DA:90,1
DA:91,1
DA:93,1
DA:94,1
DA:95,1
DA:96,1
DA:97,1
DA:103,0
DA:104,0
DA:105,0
DA:106,0
DA:107,0
DA:109,0
DA:115,1
DA:116,13
DA:117,13
DA:118,47
DA:120,13
DA:123,1
LF:67
LH:61
BRDA:31,0,0,2
BRDA:31,0,1,1
BRDA:31,1,0,3
BRDA:31,1,1,2
BRDA:38,2,0,1
BRDA:38,2,1,1
BRDA:50,3,0,1
BRDA:50,3,1,7
BRDA:51,4,0,1
BRDA:51,4,1,6
BRDA:55,5,0,6
BRDA:55,5,1,8
BRDA:71,6,0,0
BRDA:71,6,1,1
BRDA:84,7,0,2
BRDA:84,7,1,1
BRDA:84,8,0,3
BRDA:84,8,1,2
BRDA:86,9,0,0
BRDA:86,9,1,1
BRDA:87,10,0,0
BRDA:87,10,1,1
BRF:22
BRH:19
end_of_record
TN:
SF:scripts/sum.js
FN:4,(anonymous_0)
FNF:1
FNH:1
FNDA:1,(anonymous_0)
DA:4,1
DA:5,1
DA:8,1
LF:3
LH:3
BRF:0
BRH:0
end_of_record
